<?xml version="1.0" encoding="UTF-8"?>
<!-- Generated by org.testng.reporters.JUnitXMLReporter -->
<testsuite hostname="MacBook-Pro-3" ignored="0" name="Default test" tests="6" failures="0" timestamp="23 Mar 2018 03:51:33 GMT" time="0.119" errors="0">
  <testcase name="test1" time="0.006" classname="com.play.TestNGAnnotations1"/>
  <testcase name="test2" time="0.002" classname="com.play.TestNGAnnotations1"/>
  <testcase name="test3" time="0.007" classname="com.play.TestNGAnnotations1"/>
  <testcase name="test1" time="0.003" classname="com.play.TestNGAnnotations2"/>
  <testcase name="test2" time="0.002" classname="com.play.TestNGAnnotations2"/>
  <testcase name="test3" time="0.001" classname="com.play.TestNGAnnotations2"/>
</testsuite> <!-- Default test -->
