<?xml version="1.0" encoding="UTF-8"?>
<!-- Generated by org.testng.reporters.JUnitXMLReporter -->
<testsuite hostname="MacBook-Pro-3" ignored="4" name="TestNG Test" tests="2" failures="0" timestamp="07 Apr 2018 05:32:42 GMT" time="0.022" errors="0">
  <testcase name="test3" time="0.001" classname="com.play.TestNGAnnotations1"/>
  <testcase name="test2" time="0.0" classname="com.play.TestNGAnnotations2"/>
  <testcase name="test1" time="0.0" classname="com.play.TestNGAnnotations2">
    <ignored/>
  </testcase> <!-- test1 -->
  <testcase name="test1" time="0.0" classname="com.play.TestNGAnnotations1">
    <ignored/>
  </testcase> <!-- test1 -->
  <testcase name="test3" time="0.0" classname="com.play.TestNGAnnotations2">
    <ignored/>
  </testcase> <!-- test3 -->
  <testcase name="test2" time="0.0" classname="com.play.TestNGAnnotations1">
    <ignored/>
  </testcase> <!-- test2 -->
</testsuite> <!-- TestNG Test -->
