<?xml version="1.0" encoding="UTF-8"?>
<testng-results skipped="0" failed="0" ignored="0" total="6" passed="6">
  <reporter-output>
  </reporter-output>
  <suite name="Default suite" duration-ms="119" started-at="2018-03-23T03:51:33Z" finished-at="2018-03-23T03:51:33Z">
    <groups>
    </groups>
    <test name="Default test" duration-ms="119" started-at="2018-03-23T03:51:33Z" finished-at="2018-03-23T03:51:33Z">
      <class name="com.play.TestNGAnnotations1">
        <test-method status="PASS" signature="beforeSuite()[pri:0, instance:com.play.TestNGAnnotations1@12f41634]" name="beforeSuite" is-config="true" duration-ms="15" started-at="2018-03-22T23:51:33Z" finished-at="2018-03-22T23:51:33Z">
          <reporter-output>
          </reporter-output>
        </test-method> <!-- beforeSuite -->
        <test-method status="PASS" signature="beforeSuite()[pri:0, instance:com.play.TestNGAnnotations2@13c27452]" name="beforeSuite" is-config="true" duration-ms="0" started-at="2018-03-22T23:51:33Z" finished-at="2018-03-22T23:51:33Z">
          <reporter-output>
          </reporter-output>
        </test-method> <!-- beforeSuite -->
        <test-method status="PASS" signature="beforeTest()[pri:0, instance:com.play.TestNGAnnotations1@12f41634]" name="beforeTest" is-config="true" duration-ms="0" started-at="2018-03-22T23:51:33Z" finished-at="2018-03-22T23:51:33Z">
          <reporter-output>
          </reporter-output>
        </test-method> <!-- beforeTest -->
        <test-method status="PASS" signature="beforeTest()[pri:0, instance:com.play.TestNGAnnotations2@13c27452]" name="beforeTest" is-config="true" duration-ms="0" started-at="2018-03-22T23:51:33Z" finished-at="2018-03-22T23:51:33Z">
          <reporter-output>
          </reporter-output>
        </test-method> <!-- beforeTest -->
        <test-method status="PASS" signature="beforeClass()[pri:0, instance:com.play.TestNGAnnotations1@12f41634]" name="beforeClass" is-config="true" duration-ms="0" started-at="2018-03-22T23:51:33Z" finished-at="2018-03-22T23:51:33Z">
          <reporter-output>
          </reporter-output>
        </test-method> <!-- beforeClass -->
        <test-method status="PASS" signature="beforeMethod()[pri:0, instance:com.play.TestNGAnnotations1@12f41634]" name="beforeMethod" is-config="true" duration-ms="0" started-at="2018-03-22T23:51:33Z" finished-at="2018-03-22T23:51:33Z">
          <reporter-output>
          </reporter-output>
        </test-method> <!-- beforeMethod -->
        <test-method status="PASS" signature="test1()[pri:0, instance:com.play.TestNGAnnotations1@12f41634]" name="test1" duration-ms="6" started-at="2018-03-22T23:51:33Z" finished-at="2018-03-22T23:51:33Z">
          <reporter-output>
          </reporter-output>
        </test-method> <!-- test1 -->
        <test-method status="PASS" signature="afterMethod()[pri:0, instance:com.play.TestNGAnnotations1@12f41634]" name="afterMethod" is-config="true" duration-ms="1" started-at="2018-03-22T23:51:33Z" finished-at="2018-03-22T23:51:33Z">
          <reporter-output>
          </reporter-output>
        </test-method> <!-- afterMethod -->
        <test-method status="PASS" signature="test2()[pri:0, instance:com.play.TestNGAnnotations1@12f41634]" name="test2" duration-ms="2" started-at="2018-03-22T23:51:33Z" finished-at="2018-03-22T23:51:33Z">
          <reporter-output>
          </reporter-output>
        </test-method> <!-- test2 -->
        <test-method status="PASS" signature="beforeMethod()[pri:0, instance:com.play.TestNGAnnotations1@12f41634]" name="beforeMethod" is-config="true" duration-ms="0" started-at="2018-03-22T23:51:33Z" finished-at="2018-03-22T23:51:33Z">
          <reporter-output>
          </reporter-output>
        </test-method> <!-- beforeMethod -->
        <test-method status="PASS" signature="afterMethod()[pri:0, instance:com.play.TestNGAnnotations1@12f41634]" name="afterMethod" is-config="true" duration-ms="0" started-at="2018-03-22T23:51:33Z" finished-at="2018-03-22T23:51:33Z">
          <reporter-output>
          </reporter-output>
        </test-method> <!-- afterMethod -->
        <test-method status="PASS" signature="test3()[pri:0, instance:com.play.TestNGAnnotations1@12f41634]" name="test3" duration-ms="7" started-at="2018-03-22T23:51:33Z" finished-at="2018-03-22T23:51:33Z">
          <reporter-output>
          </reporter-output>
        </test-method> <!-- test3 -->
        <test-method status="PASS" signature="beforeMethod()[pri:0, instance:com.play.TestNGAnnotations1@12f41634]" name="beforeMethod" is-config="true" duration-ms="0" started-at="2018-03-22T23:51:33Z" finished-at="2018-03-22T23:51:33Z">
          <reporter-output>
          </reporter-output>
        </test-method> <!-- beforeMethod -->
        <test-method status="PASS" signature="afterClass()[pri:0, instance:com.play.TestNGAnnotations1@12f41634]" name="afterClass" is-config="true" duration-ms="41" started-at="2018-03-22T23:51:33Z" finished-at="2018-03-22T23:51:33Z">
          <reporter-output>
          </reporter-output>
        </test-method> <!-- afterClass -->
        <test-method status="PASS" signature="afterMethod()[pri:0, instance:com.play.TestNGAnnotations1@12f41634]" name="afterMethod" is-config="true" duration-ms="0" started-at="2018-03-22T23:51:33Z" finished-at="2018-03-22T23:51:33Z">
          <reporter-output>
          </reporter-output>
        </test-method> <!-- afterMethod -->
        <test-method status="PASS" signature="afterTest()[pri:0, instance:com.play.TestNGAnnotations1@12f41634]" name="afterTest" is-config="true" duration-ms="0" started-at="2018-03-22T23:51:33Z" finished-at="2018-03-22T23:51:33Z">
          <reporter-output>
          </reporter-output>
        </test-method> <!-- afterTest -->
        <test-method status="PASS" signature="afterTest()[pri:0, instance:com.play.TestNGAnnotations2@13c27452]" name="afterTest" is-config="true" duration-ms="1" started-at="2018-03-22T23:51:33Z" finished-at="2018-03-22T23:51:33Z">
          <reporter-output>
          </reporter-output>
        </test-method> <!-- afterTest -->
        <test-method status="PASS" signature="afterSuite()[pri:0, instance:com.play.TestNGAnnotations2@13c27452]" name="afterSuite" is-config="true" duration-ms="0" started-at="2018-03-22T23:51:33Z" finished-at="2018-03-22T23:51:33Z">
          <reporter-output>
          </reporter-output>
        </test-method> <!-- afterSuite -->
        <test-method status="PASS" signature="afterSuite()[pri:0, instance:com.play.TestNGAnnotations1@12f41634]" name="afterSuite" is-config="true" duration-ms="0" started-at="2018-03-22T23:51:33Z" finished-at="2018-03-22T23:51:33Z">
          <reporter-output>
          </reporter-output>
        </test-method> <!-- afterSuite -->
      </class> <!-- com.play.TestNGAnnotations1 -->
      <class name="com.play.TestNGAnnotations2">
        <test-method status="PASS" signature="beforeMethod()[pri:0, instance:com.play.TestNGAnnotations2@13c27452]" name="beforeMethod" is-config="true" duration-ms="1" started-at="2018-03-22T23:51:33Z" finished-at="2018-03-22T23:51:33Z">
          <reporter-output>
          </reporter-output>
        </test-method> <!-- beforeMethod -->
        <test-method status="PASS" signature="beforeClass()[pri:0, instance:com.play.TestNGAnnotations2@13c27452]" name="beforeClass" is-config="true" duration-ms="0" started-at="2018-03-22T23:51:33Z" finished-at="2018-03-22T23:51:33Z">
          <reporter-output>
          </reporter-output>
        </test-method> <!-- beforeClass -->
        <test-method status="PASS" signature="test1()[pri:0, instance:com.play.TestNGAnnotations2@13c27452]" name="test1" duration-ms="3" started-at="2018-03-22T23:51:33Z" finished-at="2018-03-22T23:51:33Z">
          <reporter-output>
          </reporter-output>
        </test-method> <!-- test1 -->
        <test-method status="PASS" signature="afterMethod()[pri:0, instance:com.play.TestNGAnnotations2@13c27452]" name="afterMethod" is-config="true" duration-ms="6" started-at="2018-03-22T23:51:33Z" finished-at="2018-03-22T23:51:33Z">
          <reporter-output>
          </reporter-output>
        </test-method> <!-- afterMethod -->
        <test-method status="PASS" signature="beforeMethod()[pri:0, instance:com.play.TestNGAnnotations2@13c27452]" name="beforeMethod" is-config="true" duration-ms="1" started-at="2018-03-22T23:51:33Z" finished-at="2018-03-22T23:51:33Z">
          <reporter-output>
          </reporter-output>
        </test-method> <!-- beforeMethod -->
        <test-method status="PASS" signature="test2()[pri:0, instance:com.play.TestNGAnnotations2@13c27452]" name="test2" duration-ms="2" started-at="2018-03-22T23:51:33Z" finished-at="2018-03-22T23:51:33Z">
          <reporter-output>
          </reporter-output>
        </test-method> <!-- test2 -->
        <test-method status="PASS" signature="afterMethod()[pri:0, instance:com.play.TestNGAnnotations2@13c27452]" name="afterMethod" is-config="true" duration-ms="2" started-at="2018-03-22T23:51:33Z" finished-at="2018-03-22T23:51:33Z">
          <reporter-output>
          </reporter-output>
        </test-method> <!-- afterMethod -->
        <test-method status="PASS" signature="beforeMethod()[pri:0, instance:com.play.TestNGAnnotations2@13c27452]" name="beforeMethod" is-config="true" duration-ms="1" started-at="2018-03-22T23:51:33Z" finished-at="2018-03-22T23:51:33Z">
          <reporter-output>
          </reporter-output>
        </test-method> <!-- beforeMethod -->
        <test-method status="PASS" signature="test3()[pri:0, instance:com.play.TestNGAnnotations2@13c27452]" name="test3" duration-ms="1" started-at="2018-03-22T23:51:33Z" finished-at="2018-03-22T23:51:33Z">
          <reporter-output>
          </reporter-output>
        </test-method> <!-- test3 -->
        <test-method status="PASS" signature="afterMethod()[pri:0, instance:com.play.TestNGAnnotations2@13c27452]" name="afterMethod" is-config="true" duration-ms="0" started-at="2018-03-22T23:51:33Z" finished-at="2018-03-22T23:51:33Z">
          <reporter-output>
          </reporter-output>
        </test-method> <!-- afterMethod -->
        <test-method status="PASS" signature="afterClass()[pri:0, instance:com.play.TestNGAnnotations2@13c27452]" name="afterClass" is-config="true" duration-ms="0" started-at="2018-03-22T23:51:33Z" finished-at="2018-03-22T23:51:33Z">
          <reporter-output>
          </reporter-output>
        </test-method> <!-- afterClass -->
      </class> <!-- com.play.TestNGAnnotations2 -->
    </test> <!-- Default test -->
  </suite> <!-- Default suite -->
</testng-results>
